-outxml
-source
1.6
-target
1.6
-classpath
C:\Users\dt83019\.m2\repository\antlr\antlr\2.7.7\antlr-2.7.7.jar;C:\Users\dt83019\.m2\repository\aopalliance\aopalliance\1.0\aopalliance-1.0.jar;C:\Users\dt83019\.m2\repository\c3p0\c3p0\0.9.1.2\c3p0-0.9.1.2.jar;C:\Users\dt83019\.m2\repository\cglib\cglib-nodep\2.1_3\cglib-nodep-2.1_3.jar;C:\Users\dt83019\.m2\repository\ch\qos\logback\logback-classic\1.0.6\logback-classic-1.0.6.jar;C:\Users\dt83019\.m2\repository\ch\qos\logback\logback-core\1.0.6\logback-core-1.0.6.jar;C:\MasterBuildLatest\saec-infrastructure-and-utils\saec-scheduling-infrastructure\target\saec-scheduling-infrastructure-1.1.0.RC2-SNAPSHOT.jar;C:\MasterBuildLatest\saec-infrastructure-and-utils\saec-test\target\saec-test-1.1.0.RC2-SNAPSHOT.jar;C:\MasterBuildLatest\saec-infrastructure-and-utils\saec-util\target\saec-util-1.1.0.RC2-SNAPSHOT.jar;C:\Users\dt83019\.m2\repository\com\google\guava\guava\13.0.1\guava-13.0.1.jar;C:\Users\dt83019\.m2\repository\com\icegreen\greenmail\1.3.1b\greenmail-1.3.1b.jar;C:\Users\dt83019\.m2\repository\com\sun\xml\bind\jaxb-impl\2.2.4\jaxb-impl-2.2.4.jar;C:\Users\dt83019\.m2\repository\com\thoughtworks\xstream\xstream\1.3\xstream-1.3.jar;C:\Users\dt83019\.m2\repository\commons-codec\commons-codec\1.6\commons-codec-1.6.jar;C:\Users\dt83019\.m2\repository\commons-collections\commons-collections\3.2\commons-collections-3.2.jar;C:\Users\dt83019\.m2\repository\commons-dbcp\commons-dbcp\1.4\commons-dbcp-1.4.jar;C:\Users\dt83019\.m2\repository\commons-io\commons-io\1.4\commons-io-1.4.jar;C:\Users\dt83019\.m2\repository\commons-lang\commons-lang\2.5\commons-lang-2.5.jar;C:\MasterBuildLatest\saec-infrastructure-and-utils\fake-commons-logging\target\commons-logging-99.0.3.EMPTY-SNAPSHOT.jar;C:\Users\dt83019\.m2\repository\commons-pool\commons-pool\1.5.4\commons-pool-1.5.4.jar;C:\Users\dt83019\.m2\repository\dom4j\dom4j\1.6.1\dom4j-1.6.1.jar;C:\Users\dt83019\.m2\repository\javax\activation\activation\1.1\activation-1.1.jar;C:\Users\dt83019\.m2\repository\javax\inject\javax.inject\1\javax.inject-1.jar;C:\Users\dt83019\.m2\repository\javax\mail\mail\1.4.4\mail-1.4.4.jar;C:\Users\dt83019\.m2\repository\javax\transaction\jta\1.1\jta-1.1.jar;C:\Users\dt83019\.m2\repository\javax\validation\validation-api\1.0.0.GA\validation-api-1.0.0.GA.jar;C:\Users\dt83019\.m2\repository\javax\xml\bind\jaxb-api\2.2.2\jaxb-api-2.2.2.jar;C:\Users\dt83019\.m2\repository\javax\xml\stream\stax-api\1.0-2\stax-api-1.0-2.jar;C:\Users\dt83019\.m2\repository\mysql\mysql-connector-java\5.1.13\mysql-connector-java-5.1.13.jar;C:\Users\dt83019\.m2\repository\net\sf\ehcache\ehcache-core\2.4.3\ehcache-core-2.4.3.jar;C:\Users\dt83019\.m2\repository\net\sourceforge\jtds\jtds\1.2.7\jtds-1.2.7.jar;C:\Users\dt83019\.m2\repository\org\apache\commons\commons-lang3\3.1\commons-lang3-3.1.jar;C:\Users\dt83019\.m2\repository\org\apache\poi\poi\3.8\poi-3.8.jar;C:\Users\dt83019\.m2\repository\org\apache\velocity\velocity\1.7\velocity-1.7.jar;C:\Users\dt83019\.m2\repository\org\aspectj\aspectjrt\1.6.11.RELEASE\aspectjrt-1.6.11.RELEASE.jar;C:\Users\dt83019\.m2\repository\org\aspectj\aspectjweaver\1.6.11.RELEASE\aspectjweaver-1.6.11.RELEASE.jar;C:\Users\dt83019\.m2\repository\org\codehaus\jackson\jackson-core-asl\1.9.8\jackson-core-asl-1.9.8.jar;C:\Users\dt83019\.m2\repository\org\codehaus\jackson\jackson-jaxrs\1.9.8\jackson-jaxrs-1.9.8.jar;C:\Users\dt83019\.m2\repository\org\codehaus\jackson\jackson-mapper-asl\1.9.8\jackson-mapper-asl-1.9.8.jar;C:\Users\dt83019\.m2\repository\org\codehaus\jettison\jettison\1.1\jettison-1.1.jar;C:\Users\dt83019\.m2\repository\org\hibernate\hibernate-core\4.1.5.Final\hibernate-core-4.1.5.Final.jar;C:\Users\dt83019\.m2\repository\org\hibernate\hibernate-ehcache\4.1.5.Final\hibernate-ehcache-4.1.5.Final.jar;C:\Users\dt83019\.m2\repository\org\hibernate\hibernate-entitymanager\4.1.5.Final\hibernate-entitymanager-4.1.5.Final.jar;C:\Users\dt83019\.m2\repository\org\hibernate\hibernate-validator\4.1.0.Final\hibernate-validator-4.1.0.Final.jar;C:\Users\dt83019\.m2\repository\org\hibernate\common\hibernate-commons-annotations\4.0.1.Final\hibernate-commons-annotations-4.0.1.Final.jar;C:\Users\dt83019\.m2\repository\org\hibernate\javax\persistence\hibernate-jpa-2.0-api\1.0.0.Final\hibernate-jpa-2.0-api-1.0.0.Final.jar;C:\Users\dt83019\.m2\repository\org\hsqldb\hsqldb\2.2.8\hsqldb-2.2.8.jar;C:\Users\dt83019\.m2\repository\org\javassist\javassist\3.15.0-GA\javassist-3.15.0-GA.jar;C:\Users\dt83019\.m2\repository\org\jboss\logging\jboss-logging\3.1.0.GA\jboss-logging-3.1.0.GA.jar;C:\Users\dt83019\.m2\repository\org\jboss\spec\javax\transaction\jboss-transaction-api_1.1_spec\1.0.0.Final\jboss-transaction-api_1.1_spec-1.0.0.Final.jar;C:\Users\dt83019\.m2\repository\org\quartz-scheduler\quartz\2.1.0\quartz-2.1.0.jar;C:\Users\dt83019\.m2\repository\org\slf4j\jcl-over-slf4j\1.6.5\jcl-over-slf4j-1.6.5.jar;C:\Users\dt83019\.m2\repository\org\slf4j\slf4j-api\1.6.5\slf4j-api-1.6.5.jar;C:\Users\dt83019\.m2\repository\org\springframework\spring-aop\3.1.1.RELEASE\spring-aop-3.1.1.RELEASE.jar;C:\Users\dt83019\.m2\repository\org\springframework\spring-asm\3.1.1.RELEASE\spring-asm-3.1.1.RELEASE.jar;C:\Users\dt83019\.m2\repository\org\springframework\spring-aspects\3.1.1.RELEASE\spring-aspects-3.1.1.RELEASE.jar;C:\Users\dt83019\.m2\repository\org\springframework\spring-beans\3.1.1.RELEASE\spring-beans-3.1.1.RELEASE.jar;C:\Users\dt83019\.m2\repository\org\springframework\spring-context\3.1.1.RELEASE\spring-context-3.1.1.RELEASE.jar;C:\Users\dt83019\.m2\repository\org\springframework\spring-context-support\3.1.1.RELEASE\spring-context-support-3.1.1.RELEASE.jar;C:\Users\dt83019\.m2\repository\org\springframework\spring-core\3.1.1.RELEASE\spring-core-3.1.1.RELEASE.jar;C:\Users\dt83019\.m2\repository\org\springframework\spring-expression\3.1.1.RELEASE\spring-expression-3.1.1.RELEASE.jar;C:\Users\dt83019\.m2\repository\org\springframework\spring-jdbc\3.1.1.RELEASE\spring-jdbc-3.1.1.RELEASE.jar;C:\Users\dt83019\.m2\repository\org\springframework\spring-orm\3.1.1.RELEASE\spring-orm-3.1.1.RELEASE.jar;C:\Users\dt83019\.m2\repository\org\springframework\spring-oxm\3.1.1.RELEASE\spring-oxm-3.1.1.RELEASE.jar;C:\Users\dt83019\.m2\repository\org\springframework\spring-tx\3.1.1.RELEASE\spring-tx-3.1.1.RELEASE.jar;C:\Users\dt83019\.m2\repository\org\springframework\spring-web\3.1.1.RELEASE\spring-web-3.1.1.RELEASE.jar;C:\Users\dt83019\.m2\repository\org\springframework\spring-webmvc\3.1.1.RELEASE\spring-webmvc-3.1.1.RELEASE.jar;C:\Users\dt83019\.m2\repository\org\springframework\batch\spring-batch-core\2.1.8.RELEASE\spring-batch-core-2.1.8.RELEASE.jar;C:\Users\dt83019\.m2\repository\org\springframework\batch\spring-batch-infrastructure\2.1.8.RELEASE\spring-batch-infrastructure-2.1.8.RELEASE.jar;C:\Users\dt83019\.m2\repository\org\springframework\batch\spring-batch-test\2.1.8.RELEASE\spring-batch-test-2.1.8.RELEASE.jar;C:\Users\dt83019\.m2\repository\org\springframework\data\spring-data-commons-core\1.4.0.RELEASE\spring-data-commons-core-1.4.0.RELEASE.jar;C:\Users\dt83019\.m2\repository\org\springframework\data\spring-data-jpa\1.2.0.RELEASE\spring-data-jpa-1.2.0.RELEASE.jar;C:\Users\dt83019\.m2\repository\org\springframework\integration\spring-integration-core\2.1.0.RELEASE\spring-integration-core-2.1.0.RELEASE.jar;C:\Users\dt83019\.m2\repository\org\springframework\roo\org.springframework.roo.annotations\1.2.2.RELEASE\org.springframework.roo.annotations-1.2.2.RELEASE.jar;C:\Users\dt83019\.m2\repository\xpp3\xpp3_min\1.1.4c\xpp3_min-1.1.4c.jar;C:\MasterBuildLatest\saec-infrastructure-and-utils\saec-batch-framework\target\classes
-aspectpath
C:\Users\dt83019\.m2\repository\org\springframework\spring-aspects\3.1.1.RELEASE\spring-aspects-3.1.1.RELEASE.jar
-d
C:\MasterBuildLatest\saec-infrastructure-and-utils\saec-batch-framework\target\classes
C:\MasterBuildLatest\saec-infrastructure-and-utils\saec-batch-framework\src\main\java\com\bfds\saec\batch\annotations\RangeVo_Roo_JavaBean.aj
C:\MasterBuildLatest\saec-infrastructure-and-utils\saec-batch-framework\src\main\java\com\bfds\saec\batch\item\excel\ExcelFooterCallback.java
C:\MasterBuildLatest\saec-infrastructure-and-utils\saec-batch-framework\src\main\java\org\springframework\batch\item\xml\DefaultStaxEventItemWriter.java
C:\MasterBuildLatest\saec-infrastructure-and-utils\saec-batch-framework\src\main\java\com\bfds\saec\batch\file\domain\FileRecord_Roo_JavaBean.aj
C:\MasterBuildLatest\saec-infrastructure-and-utils\saec-batch-framework\src\main\java\com\bfds\saec\batch\job\JobItemGroup.java
C:\MasterBuildLatest\saec-infrastructure-and-utils\saec-batch-framework\src\main\java\com\bfds\saec\batch\annotations\AssumedDecimalNumberFormat.java
C:\MasterBuildLatest\saec-infrastructure-and-utils\saec-batch-framework\src\main\java\com\bfds\saec\batch\beans\factory\support\JobDefinitionRegistryPostProcessor.java
C:\MasterBuildLatest\saec-infrastructure-and-utils\saec-batch-framework\src\main\java\com\bfds\saec\batch\format\propertyeditors\AssumedDecimalNumberEditorWrapper.java
C:\MasterBuildLatest\saec-infrastructure-and-utils\saec-batch-framework\src\main\java\com\bfds\saec\batch\file\domain\FileItemError_Roo_JavaBean.aj
C:\MasterBuildLatest\saec-infrastructure-and-utils\saec-batch-framework\src\main\java\com\bfds\saec\batch\integration\NotificationHandler.java
C:\MasterBuildLatest\saec-infrastructure-and-utils\saec-batch-framework\src\main\java\org\springframework\batch\item\database\AbstractPagingFileRecordItemReader.java
C:\MasterBuildLatest\saec-infrastructure-and-utils\saec-batch-framework\src\main\java\com\bfds\saec\batch\format\propertyeditors\CustomDateEditor.java
C:\MasterBuildLatest\saec-infrastructure-and-utils\saec-batch-framework\src\main\java\org\springframework\batch\item\file\mapping\FileRecordLineMapperDecorator.java
C:\MasterBuildLatest\saec-infrastructure-and-utils\saec-batch-framework\src\main\java\com\bfds\saec\batch\format\propertyeditors\TruncatingStringEditor.java
C:\MasterBuildLatest\saec-infrastructure-and-utils\saec-batch-framework\src\main\java\com\bfds\saec\batch\item\excel\ExcelItemWriter.java
C:\MasterBuildLatest\saec-infrastructure-and-utils\saec-batch-framework\src\main\java\com\bfds\saec\batch\format\propertyeditors\CompositeEditorWrapper_Roo_JavaBean.aj
C:\MasterBuildLatest\saec-infrastructure-and-utils\saec-batch-framework\src\main\java\com\bfds\saec\batch\format\propertyeditors\CompositeEditorWrapper.java
C:\MasterBuildLatest\saec-infrastructure-and-utils\saec-batch-framework\src\main\java\com\bfds\saec\batch\annotations\Job.java
C:\MasterBuildLatest\saec-infrastructure-and-utils\saec-batch-framework\src\main\java\org\springframework\batch\item\database\InsertOnlyJpaItemWriter.java
C:\MasterBuildLatest\saec-infrastructure-and-utils\saec-batch-framework\src\main\java\com\bfds\saec\batch\file\domain\FileItemError_Roo_Configurable.aj
C:\MasterBuildLatest\saec-infrastructure-and-utils\saec-batch-framework\src\main\java\com\bfds\saec\batch\format\propertyeditors\AbstractEditorWrapper.java
C:\MasterBuildLatest\saec-infrastructure-and-utils\saec-batch-framework\src\main\java\com\bfds\saec\batch\file\domain\Entity.java
C:\MasterBuildLatest\saec-infrastructure-and-utils\saec-batch-framework\src\main\java\com\bfds\saec\batch\item\excel\ExcelWorkbookFactory.java
C:\MasterBuildLatest\saec-infrastructure-and-utils\saec-batch-framework\src\main\java\javax\xml\bind\annotation\adapters\CalendarAdapter.java
C:\MasterBuildLatest\saec-infrastructure-and-utils\saec-batch-framework\src\main\java\com\bfds\saec\batch\job\XmlFileToDbJobBuilder.java
C:\MasterBuildLatest\saec-infrastructure-and-utils\saec-batch-framework\src\main\java\com\bfds\saec\batch\file\domain\FileItemError_Roo_Jpa_Entity.aj
C:\MasterBuildLatest\saec-infrastructure-and-utils\saec-batch-framework\src\main\java\com\bfds\saec\batch\annotations\LineMatchPatterns.java
C:\MasterBuildLatest\saec-infrastructure-and-utils\saec-batch-framework\src\main\java\com\bfds\saec\batch\format\propertyeditors\PaddedStringEditor.java
C:\MasterBuildLatest\saec-infrastructure-and-utils\saec-batch-framework\src\main\java\com\bfds\saec\batch\job\DbToXmlFileJobBuilder.java
C:\MasterBuildLatest\saec-infrastructure-and-utils\saec-batch-framework\src\main\java\com\bfds\saec\batch\item\excel\UnknownFileTypeException.java
C:\MasterBuildLatest\saec-infrastructure-and-utils\saec-batch-framework\src\main\java\com\bfds\saec\batch\file\domain\VendorConfig_Roo_JavaBean.aj
C:\MasterBuildLatest\saec-infrastructure-and-utils\saec-batch-framework\src\main\java\com\bfds\saec\batch\file\domain\FileRecord_Roo_ToString.aj
C:\MasterBuildLatest\saec-infrastructure-and-utils\saec-batch-framework\src\main\java\com\bfds\saec\batch\file\domain\VendorConfig_Roo_Jpa_Entity.aj
C:\MasterBuildLatest\saec-infrastructure-and-utils\saec-batch-framework\src\main\java\com\bfds\saec\batch\item\excel\Sheet.java
C:\MasterBuildLatest\saec-infrastructure-and-utils\saec-batch-framework\src\main\java\com\bfds\saec\batch\file\util\FillerParser.java
C:\MasterBuildLatest\saec-infrastructure-and-utils\saec-batch-framework\src\main\java\com\bfds\saec\batch\file\domain\FileRecord.java
C:\MasterBuildLatest\saec-infrastructure-and-utils\saec-batch-framework\src\main\java\org\springframework\batch\item\xml\DefaultStaxEventItemReader.java
C:\MasterBuildLatest\saec-infrastructure-and-utils\saec-batch-framework\src\main\java\com\bfds\saec\batch\annotations\XmlSchemaLocation.java
C:\MasterBuildLatest\saec-infrastructure-and-utils\saec-batch-framework\src\main\java\org\springframework\batch\core\listener\JpaFileRecordStepListener.java
C:\MasterBuildLatest\saec-infrastructure-and-utils\saec-batch-framework\src\main\java\org\springframework\batch\item\file\FileExportItemWriter.java
C:\MasterBuildLatest\saec-infrastructure-and-utils\saec-batch-framework\src\main\java\org\springframework\batch\item\xml\StaxEventItemReaderProxy.java
C:\MasterBuildLatest\saec-infrastructure-and-utils\saec-batch-framework\src\main\java\com\bfds\saec\batch\file\util\ApplicationContextLookupUtil.java
C:\MasterBuildLatest\saec-infrastructure-and-utils\saec-batch-framework\src\main\java\com\bfds\saec\batch\job\AbstractJobBuilder.java
C:\MasterBuildLatest\saec-infrastructure-and-utils\saec-batch-framework\src\main\java\com\bfds\saec\batch\file\domain\FileItem_Roo_ToString.aj
C:\MasterBuildLatest\saec-infrastructure-and-utils\saec-batch-framework\src\main\java\com\bfds\saec\batch\item\excel\RowMapper.java
C:\MasterBuildLatest\saec-infrastructure-and-utils\saec-batch-framework\src\main\java\com\bfds\saec\batch\file\domain\FileItemError_Roo_ToString.aj
C:\MasterBuildLatest\saec-infrastructure-and-utils\saec-batch-framework\src\main\java\com\bfds\saec\batch\annotations\RangeVo_Roo_ToString.aj
C:\MasterBuildLatest\saec-infrastructure-and-utils\saec-batch-framework\src\main\java\org\springframework\batch\item\database\HibernateStatelessSessionItemWriter.java
C:\MasterBuildLatest\saec-infrastructure-and-utils\saec-batch-framework\src\main\java\org\springframework\batch\item\file\transform\FileExportLineAggregatorDelegate.java
C:\MasterBuildLatest\saec-infrastructure-and-utils\saec-batch-framework\src\main\java\com\bfds\saec\batch\file\util\FlatFileAnnotationParser.java
C:\MasterBuildLatest\saec-infrastructure-and-utils\saec-batch-framework\src\main\java\com\bfds\saec\batch\file\util\FileJobUtils.java
C:\MasterBuildLatest\saec-infrastructure-and-utils\saec-batch-framework\src\main\java\com\bfds\saec\batch\annotations\Ranges.java
C:\MasterBuildLatest\saec-infrastructure-and-utils\saec-batch-framework\src\main\java\com\bfds\saec\batch\file\util\DecoratingProxyBean.java
C:\MasterBuildLatest\saec-infrastructure-and-utils\saec-batch-framework\src\main\java\com\bfds\saec\batch\item\database\JpaItemReader.java
C:\MasterBuildLatest\saec-infrastructure-and-utils\saec-batch-framework\src\main\java\com\bfds\saec\batch\item\excel\poi\PoiSheet.java
C:\MasterBuildLatest\saec-infrastructure-and-utils\saec-batch-framework\src\main\java\com\bfds\saec\batch\annotations\RangeVo.java
C:\MasterBuildLatest\saec-infrastructure-and-utils\saec-batch-framework\src\main\java\com\bfds\saec\batch\annotations\Range.java
C:\MasterBuildLatest\saec-infrastructure-and-utils\saec-batch-framework\src\main\java\com\bfds\saec\batch\integration\JobNotificationGateway.java
C:\MasterBuildLatest\saec-infrastructure-and-utils\saec-batch-framework\src\main\java\org\springframework\batch\item\file\transform\DefaultFixedLengthTokenizer.java
C:\MasterBuildLatest\saec-infrastructure-and-utils\saec-batch-framework\src\main\java\com\bfds\saec\batch\item\excel\poi\PoiItemReader.java
C:\MasterBuildLatest\saec-infrastructure-and-utils\saec-batch-framework\src\main\java\org\springframework\batch\item\database\DefaultFileRecordJpaItemReader.java
C:\MasterBuildLatest\saec-infrastructure-and-utils\saec-batch-framework\src\main\java\com\bfds\saec\batch\file\domain\VendorConfig_Roo_Configurable.aj
C:\MasterBuildLatest\saec-infrastructure-and-utils\saec-batch-framework\src\main\java\com\bfds\saec\batch\item\excel\ExcelFileParseException.java
C:\MasterBuildLatest\saec-infrastructure-and-utils\saec-batch-framework\src\main\java\org\springframework\batch\item\file\DelegatingFlatFileRecordItemReader.java
C:\MasterBuildLatest\saec-infrastructure-and-utils\saec-batch-framework\src\main\java\com\bfds\saec\batch\annotations\PaddedStringFormat.java
C:\MasterBuildLatest\saec-infrastructure-and-utils\saec-batch-framework\src\main\java\com\bfds\saec\batch\file\domain\FileItemError_Roo_Jpa_ActiveRecord.aj
C:\MasterBuildLatest\saec-infrastructure-and-utils\saec-batch-framework\src\main\java\com\bfds\saec\batch\job\JobBuilder.java
C:\MasterBuildLatest\saec-infrastructure-and-utils\saec-batch-framework\src\main\java\com\bfds\saec\batch\job\DbToFlatFileJobBuilder.java
C:\MasterBuildLatest\saec-infrastructure-and-utils\saec-batch-framework\src\main\java\org\springframework\batch\core\listener\FlatFileRecordStepListener.java
C:\MasterBuildLatest\saec-infrastructure-and-utils\saec-batch-framework\src\main\java\org\springframework\batch\retry\BatchRetryListener.java
C:\MasterBuildLatest\saec-infrastructure-and-utils\saec-batch-framework\src\main\java\com\bfds\saec\batch\format\propertyeditors\CustomDateEditorWrapper.java
C:\MasterBuildLatest\saec-infrastructure-and-utils\saec-batch-framework\src\main\java\com\bfds\saec\batch\file\domain\BatchPhase.java
C:\MasterBuildLatest\saec-infrastructure-and-utils\saec-batch-framework\src\main\java\org\springframework\batch\item\database\orm\DefaultFileRecordQueryProvider.java
C:\MasterBuildLatest\saec-infrastructure-and-utils\saec-batch-framework\src\main\java\com\bfds\saec\batch\format\propertyeditors\AssumedDecimalNumberEditorWrapper_Roo_JavaBean.aj
C:\MasterBuildLatest\saec-infrastructure-and-utils\saec-batch-framework\src\main\java\com\bfds\saec\batch\format\propertyeditors\PaddedStringEditorWrapper_Roo_JavaBean.aj
C:\MasterBuildLatest\saec-infrastructure-and-utils\saec-batch-framework\src\main\java\org\springframework\batch\core\listener\JobConfigStepExecutionListener.java
C:\MasterBuildLatest\saec-infrastructure-and-utils\saec-batch-framework\src\main\java\com\bfds\saec\batch\item\excel\AbstractExcelItemReader.java
C:\MasterBuildLatest\saec-infrastructure-and-utils\saec-batch-framework\src\main\java\org\springframework\batch\core\listener\DefaultStepExecutionListener.java
C:\MasterBuildLatest\saec-infrastructure-and-utils\saec-batch-framework\src\main\java\com\bfds\saec\batch\annotations\DateFormat.java
C:\MasterBuildLatest\saec-infrastructure-and-utils\saec-batch-framework\src\main\java\org\springframework\batch\item\file\transform\DefaultFileExportFieldExtractor.java
C:\MasterBuildLatest\saec-infrastructure-and-utils\saec-batch-framework\src\main\java\org\springframework\batch\item\database\TransactionalJpaItemWrite.java
C:\MasterBuildLatest\saec-infrastructure-and-utils\saec-batch-framework\src\main\java\com\bfds\saec\batch\file\domain\FileItem.java
C:\MasterBuildLatest\saec-infrastructure-and-utils\saec-batch-framework\src\main\java\org\springframework\batch\item\file\mapping\DefaultFileRecordLineMapper.java
C:\MasterBuildLatest\saec-infrastructure-and-utils\saec-batch-framework\src\main\java\org\springframework\batch\item\file\mapping\FlatFileFieldSetMapper.java
C:\MasterBuildLatest\saec-infrastructure-and-utils\saec-batch-framework\src\main\java\com\bfds\saec\batch\format\propertyeditors\CompositeEditor.java
C:\MasterBuildLatest\saec-infrastructure-and-utils\saec-batch-framework\src\main\java\com\bfds\saec\batch\annotations\Group.java
C:\MasterBuildLatest\saec-infrastructure-and-utils\saec-batch-framework\src\main\java\org\springframework\batch\core\launch\DefaultJobLauncher.java
C:\MasterBuildLatest\saec-infrastructure-and-utils\saec-batch-framework\src\main\java\com\bfds\saec\batch\item\excel\RowCallbackHandler.java
C:\MasterBuildLatest\saec-infrastructure-and-utils\saec-batch-framework\src\main\java\com\bfds\saec\batch\file\util\SetpScopedDecoratingProxyBean.java
C:\MasterBuildLatest\saec-infrastructure-and-utils\saec-batch-framework\src\main\java\com\bfds\saec\batch\format\propertyeditors\AssumedDecimalNumberEditor.java
C:\MasterBuildLatest\saec-infrastructure-and-utils\saec-batch-framework\src\main\java\org\springframework\batch\item\xml\DefaultJaxb2Marshaller.java
C:\MasterBuildLatest\saec-infrastructure-and-utils\saec-batch-framework\src\main\java\com\bfds\saec\batch\item\excel\ExcelHeaderCallback.java
C:\MasterBuildLatest\saec-infrastructure-and-utils\saec-batch-framework\src\main\java\com\bfds\saec\batch\file\domain\FileItemError.java
C:\MasterBuildLatest\saec-infrastructure-and-utils\saec-batch-framework\src\main\java\com\bfds\saec\batch\format\propertyeditors\PaddedStringEditorWrapper.java
C:\MasterBuildLatest\saec-infrastructure-and-utils\saec-batch-framework\src\main\java\org\springframework\batch\item\file\FileExportFooterCallBackDelegate.java
C:\MasterBuildLatest\saec-infrastructure-and-utils\saec-batch-framework\src\main\java\com\bfds\saec\batch\file\domain\VendorConfig_Roo_Jpa_ActiveRecord.aj
C:\MasterBuildLatest\saec-infrastructure-and-utils\saec-batch-framework\src\main\java\org\springframework\batch\item\file\transform\FileExportFieldExtractorDelegate.java
C:\MasterBuildLatest\saec-infrastructure-and-utils\saec-batch-framework\src\main\java\org\springframework\batch\item\FileExportProcessorDecorator.java
C:\MasterBuildLatest\saec-infrastructure-and-utils\saec-batch-framework\src\main\java\com\bfds\saec\batch\format\propertyeditors\CustomDateEditorWrapper_Roo_JavaBean.aj
C:\MasterBuildLatest\saec-infrastructure-and-utils\saec-batch-framework\src\main\java\com\bfds\saec\batch\file\domain\VendorConfig_Roo_ToString.aj
C:\MasterBuildLatest\saec-infrastructure-and-utils\saec-batch-framework\src\main\java\org\springframework\batch\item\FileImportProcessorDecorator.java
C:\MasterBuildLatest\saec-infrastructure-and-utils\saec-batch-framework\src\main\java\org\springframework\batch\item\file\FileExportHeaderCallBackDelegate.java
C:\MasterBuildLatest\saec-infrastructure-and-utils\saec-batch-framework\src\main\java\org\springframework\batch\item\database\orm\JpaQueryProviderDelegate.java
C:\MasterBuildLatest\saec-infrastructure-and-utils\saec-batch-framework\src\main\java\com\bfds\saec\batch\job\FlatFileToDbJobBuilder.java
C:\MasterBuildLatest\saec-infrastructure-and-utils\saec-batch-framework\src\main\java\com\bfds\saec\batch\integration\JobExecutionCompletedEventHandler.java
C:\MasterBuildLatest\saec-infrastructure-and-utils\saec-batch-framework\src\main\java\com\bfds\saec\batch\annotations\Padding.java
C:\MasterBuildLatest\saec-infrastructure-and-utils\saec-batch-framework\src\main\java\com\bfds\saec\batch\item\excel\DefaultExcelWorkbookFactory.java
C:\MasterBuildLatest\saec-infrastructure-and-utils\saec-batch-framework\src\main\java\com\bfds\saec\batch\file\domain\VendorConfig.java
